{"level":"\u001b[35mfatal\u001b[39m","message":"Este es un mensaje fatal","timestamp":"2024-05-08T12:32:25.951Z"}
{"level":"\u001b[31merror\u001b[39m","message":"Este es un mensaje de error","timestamp":"2024-05-08T12:32:25.953Z"}
{"level":"\u001b[31merror\u001b[39m","message":"Error al iniciar sesión: email is not defined","stack":"ReferenceError: email is not defined\n    at login (C:\\Users\\macch\\OneDrive\\Documentos\\CoderHouse\\backend-node\\implementacion-logger\\src\\controllers\\authControllers.js:34:62)\n    at Layer.handle [as handle_request] (C:\\Users\\macch\\OneDrive\\Documentos\\CoderHouse\\backend-node\\implementacion-logger\\node_modules\\express\\lib\\router\\layer.js:95:5)\n    at next (C:\\Users\\macch\\OneDrive\\Documentos\\CoderHouse\\backend-node\\implementacion-logger\\node_modules\\express\\lib\\router\\route.js:149:13)\n    at Route.dispatch (C:\\Users\\macch\\OneDrive\\Documentos\\CoderHouse\\backend-node\\implementacion-logger\\node_modules\\express\\lib\\router\\route.js:119:3)\n    at Layer.handle [as handle_request] (C:\\Users\\macch\\OneDrive\\Documentos\\CoderHouse\\backend-node\\implementacion-logger\\node_modules\\express\\lib\\router\\layer.js:95:5)\n    at C:\\Users\\macch\\OneDrive\\Documentos\\CoderHouse\\backend-node\\implementacion-logger\\node_modules\\express\\lib\\router\\index.js:284:15\n    at Function.process_params (C:\\Users\\macch\\OneDrive\\Documentos\\CoderHouse\\backend-node\\implementacion-logger\\node_modules\\express\\lib\\router\\index.js:346:12)\n    at next (C:\\Users\\macch\\OneDrive\\Documentos\\CoderHouse\\backend-node\\implementacion-logger\\node_modules\\express\\lib\\router\\index.js:280:10)\n    at Function.handle (C:\\Users\\macch\\OneDrive\\Documentos\\CoderHouse\\backend-node\\implementacion-logger\\node_modules\\express\\lib\\router\\index.js:175:3)\n    at router (C:\\Users\\macch\\OneDrive\\Documentos\\CoderHouse\\backend-node\\implementacion-logger\\node_modules\\express\\lib\\router\\index.js:47:12)","timestamp":"2024-05-08T13:30:27.731Z"}
{"level":"\u001b[31merror\u001b[39m","message":"Error al iniciar sesión: user is not defined","stack":"ReferenceError: user is not defined\n    at login (C:\\Users\\macch\\OneDrive\\Documentos\\CoderHouse\\backend-node\\implementacion-logger\\src\\controllers\\authControllers.js:38:5)\n    at Layer.handle [as handle_request] (C:\\Users\\macch\\OneDrive\\Documentos\\CoderHouse\\backend-node\\implementacion-logger\\node_modules\\express\\lib\\router\\layer.js:95:5)\n    at next (C:\\Users\\macch\\OneDrive\\Documentos\\CoderHouse\\backend-node\\implementacion-logger\\node_modules\\express\\lib\\router\\route.js:149:13)\n    at Route.dispatch (C:\\Users\\macch\\OneDrive\\Documentos\\CoderHouse\\backend-node\\implementacion-logger\\node_modules\\express\\lib\\router\\route.js:119:3)\n    at Layer.handle [as handle_request] (C:\\Users\\macch\\OneDrive\\Documentos\\CoderHouse\\backend-node\\implementacion-logger\\node_modules\\express\\lib\\router\\layer.js:95:5)\n    at C:\\Users\\macch\\OneDrive\\Documentos\\CoderHouse\\backend-node\\implementacion-logger\\node_modules\\express\\lib\\router\\index.js:284:15\n    at Function.process_params (C:\\Users\\macch\\OneDrive\\Documentos\\CoderHouse\\backend-node\\implementacion-logger\\node_modules\\express\\lib\\router\\index.js:346:12)\n    at next (C:\\Users\\macch\\OneDrive\\Documentos\\CoderHouse\\backend-node\\implementacion-logger\\node_modules\\express\\lib\\router\\index.js:280:10)\n    at Function.handle (C:\\Users\\macch\\OneDrive\\Documentos\\CoderHouse\\backend-node\\implementacion-logger\\node_modules\\express\\lib\\router\\index.js:175:3)\n    at router (C:\\Users\\macch\\OneDrive\\Documentos\\CoderHouse\\backend-node\\implementacion-logger\\node_modules\\express\\lib\\router\\index.js:47:12)","timestamp":"2024-05-08T13:31:46.730Z"}
{"level":"\u001b[31merror\u001b[39m","message":"Error al actualizar el producto: TypeError: productManager.findOne is not a function","timestamp":"2024-05-15T20:28:18.101Z"}
{"level":"\u001b[31merror\u001b[39m","message":"Error al actualizar el producto: TypeError: productManager.findOne is not a function","timestamp":"2024-05-15T20:29:28.278Z"}
{"level":"\u001b[31merror\u001b[39m","message":"Error al actualizar el producto: TypeError: Cannot read properties of undefined (reading 'equals')","timestamp":"2024-05-15T20:31:48.980Z"}
{"level":"\u001b[31merror\u001b[39m","message":"Error al actualizar el producto: TypeError: Cannot read properties of undefined (reading 'equals')","timestamp":"2024-05-15T20:32:41.298Z"}
{"level":"\u001b[31merror\u001b[39m","message":"Error al actualizar el producto: TypeError: Cannot read properties of undefined (reading 'then')","timestamp":"2024-05-15T20:39:09.556Z"}
{"level":"\u001b[31merror\u001b[39m","message":"Error al actualizar el producto: TypeError: Cannot read properties of undefined (reading 'then')","timestamp":"2024-05-15T20:39:22.711Z"}
{"level":"\u001b[31merror\u001b[39m","message":"Error al eliminar el producto: TypeError: Cannot read properties of undefined (reading 'then')","timestamp":"2024-05-15T20:40:32.367Z"}
{"level":"\u001b[31merror\u001b[39m","message":"Error al actualizar el producto: TypeError: Cannot read properties of undefined (reading 'then')","timestamp":"2024-05-15T20:43:37.934Z"}
{"level":"\u001b[31merror\u001b[39m","message":"Error al actualizar el producto: TypeError: Cannot read properties of undefined (reading 'then')","timestamp":"2024-05-15T20:43:47.902Z"}
{"level":"\u001b[31merror\u001b[39m","message":"Error al eliminar el producto: TypeError: Cannot read properties of undefined (reading 'then')","timestamp":"2024-05-15T20:44:15.646Z"}
{"level":"\u001b[31merror\u001b[39m","message":"Error al eliminar el producto: TypeError: Cannot read properties of undefined (reading 'then')","timestamp":"2024-05-15T20:47:21.232Z"}
{"level":"\u001b[31merror\u001b[39m","message":"Error al eliminar el producto: TypeError: Cannot read properties of undefined (reading 'then')","timestamp":"2024-05-15T20:47:27.817Z"}
{"level":"\u001b[31merror\u001b[39m","message":"Error al eliminar el producto: TypeError: Cannot read properties of undefined (reading 'then')","timestamp":"2024-05-15T20:48:15.963Z"}
{"level":"\u001b[31merror\u001b[39m","message":"Error al eliminar el producto: ReferenceError: product is not defined","timestamp":"2024-05-15T20:50:50.846Z"}
{"level":"\u001b[31merror\u001b[39m","message":"Error al eliminar el producto: TypeError: Cannot read properties of undefined (reading 'then')","timestamp":"2024-05-15T20:52:29.521Z"}
{"level":"\u001b[31merror\u001b[39m","message":"Error al eliminar el producto: TypeError: Cannot read properties of undefined (reading 'then')","timestamp":"2024-05-15T20:54:25.019Z"}
{"level":"\u001b[31merror\u001b[39m","message":"Error al eliminar el producto: TypeError: Cannot read properties of undefined (reading 'then')","timestamp":"2024-05-15T20:54:51.559Z"}
{"level":"\u001b[31merror\u001b[39m","message":"Error al eliminar el producto: TypeError: Cannot read properties of undefined (reading 'then')","timestamp":"2024-05-15T20:55:32.184Z"}
{"level":"\u001b[31merror\u001b[39m","message":"Error al eliminar el producto: TypeError: Cannot read properties of undefined (reading 'then')","timestamp":"2024-05-15T20:57:38.214Z"}
{"level":"\u001b[31merror\u001b[39m","message":"Error al actualizar el producto: TypeError: Cannot read properties of undefined (reading 'then')","timestamp":"2024-05-15T20:57:50.988Z"}
{"level":"\u001b[31merror\u001b[39m","message":"Error al eliminar el producto: TypeError: Cannot read properties of undefined (reading 'then')","timestamp":"2024-05-15T21:01:32.436Z"}
{"level":"\u001b[31merror\u001b[39m","message":"Error al eliminar el producto: TypeError: Cannot read properties of undefined (reading 'then')","timestamp":"2024-05-15T21:01:37.665Z"}
{"level":"\u001b[31merror\u001b[39m","message":"Error al eliminar el producto: TypeError: Cannot read properties of undefined (reading 'then')","timestamp":"2024-05-15T21:02:09.725Z"}
{"level":"\u001b[31merror\u001b[39m","message":"Error al eliminar el producto: TypeError: Cannot read properties of undefined (reading 'then')","timestamp":"2024-05-15T21:02:12.784Z"}
{"level":"\u001b[31merror\u001b[39m","message":"Error al eliminar el producto: TypeError: Cannot read properties of undefined (reading 'then')","timestamp":"2024-05-15T21:02:42.474Z"}
{"level":"\u001b[31merror\u001b[39m","message":"Error al actualizar el producto: TypeError: Cannot read properties of undefined (reading 'then')","timestamp":"2024-05-15T21:05:03.496Z"}
{"level":"\u001b[31merror\u001b[39m","message":"Error al eliminar el producto: TypeError: Cannot read properties of undefined (reading 'then')","timestamp":"2024-05-15T21:05:11.008Z"}
{"level":"\u001b[31merror\u001b[39m","message":"Error al eliminar el producto: TypeError: Cannot read properties of undefined (reading 'then')","timestamp":"2024-05-15T21:36:57.821Z"}
{"level":"\u001b[31merror\u001b[39m","message":"Error al eliminar el producto: TypeError: Cannot read properties of undefined (reading 'then')","timestamp":"2024-05-15T21:37:21.965Z"}
{"level":"\u001b[31merror\u001b[39m","message":"Error al eliminar el producto: TypeError: Cannot read properties of undefined (reading 'then')","timestamp":"2024-05-15T21:37:39.028Z"}
{"level":"\u001b[31merror\u001b[39m","message":"Error al eliminar el producto: TypeError: Cannot read properties of undefined (reading 'then')","timestamp":"2024-05-15T21:45:16.163Z"}
{"level":"\u001b[31merror\u001b[39m","message":"Error al eliminar el producto: TypeError: Cannot read properties of undefined (reading 'then')","timestamp":"2024-05-15T21:45:27.399Z"}
{"level":"\u001b[31merror\u001b[39m","message":"Error al actualizar el producto: TypeError: Cannot read properties of undefined (reading 'then')","timestamp":"2024-05-15T21:46:59.697Z"}
{"level":"\u001b[31merror\u001b[39m","message":"Error al actualizar el producto: TypeError: Cannot read properties of undefined (reading 'then')","timestamp":"2024-05-15T21:47:20.269Z"}
{"level":"\u001b[31merror\u001b[39m","message":"Error al actualizar el producto: TypeError: Cannot read properties of undefined (reading 'then')","timestamp":"2024-05-15T21:47:30.508Z"}
{"level":"\u001b[31merror\u001b[39m","message":"Error al actualizar el producto: TypeError: Cannot read properties of undefined (reading 'then')","timestamp":"2024-05-15T21:48:41.883Z"}
{"level":"\u001b[31merror\u001b[39m","message":"Error al actualizar el producto: TypeError: Cannot read properties of undefined (reading 'then')","timestamp":"2024-05-15T21:48:45.397Z"}
{"level":"\u001b[31merror\u001b[39m","message":"Error al actualizar el producto: TypeError: Cannot read properties of undefined (reading 'then')","timestamp":"2024-05-15T21:52:24.057Z"}
{"level":"\u001b[31merror\u001b[39m","message":"Error al actualizar el producto: TypeError: Cannot read properties of undefined (reading 'then')","timestamp":"2024-05-15T21:52:26.615Z"}
{"level":"\u001b[31merror\u001b[39m","message":"Error al eliminar el producto: TypeError: product.owner.equals is not a function","timestamp":"2024-05-16T13:21:30.232Z"}
{"level":"\u001b[31merror\u001b[39m","message":"Error al eliminar el producto: TypeError: product.owner.equals is not a function","timestamp":"2024-05-16T14:27:59.347Z"}
{"level":"\u001b[31merror\u001b[39m","message":"Error al eliminar el producto: TypeError: product.owner.equals is not a function","timestamp":"2024-05-16T14:28:47.098Z"}
{"level":"\u001b[31merror\u001b[39m","message":"Error al eliminar el producto: TypeError: product.owner.equals is not a function","timestamp":"2024-05-16T14:29:27.053Z"}
{"level":"\u001b[31merror\u001b[39m","message":"Error al actualizar cantidad del producto en el carrito: Cannot read properties of undefined (reading 'owner')","stack":"TypeError: Cannot read properties of undefined (reading 'owner')\n    at updateProductQuantity (D:\\Escritorio\\MATI\\Coderhouse\\Carrera Full Stack\\Backend2\\backend-coder\\practica-integradora-3\\src\\controllers\\cartsControllers.js:64:48)\n    at process.processTicksAndRejections (node:internal/process/task_queues:95:5)","timestamp":"2024-05-16T15:37:29.814Z"}
{"level":"\u001b[31merror\u001b[39m","message":"Error al actualizar cantidad del producto en el carrito: Cannot read properties of undefined (reading 'owner')","stack":"TypeError: Cannot read properties of undefined (reading 'owner')\n    at updateProductQuantity (D:\\Escritorio\\MATI\\Coderhouse\\Carrera Full Stack\\Backend2\\backend-coder\\practica-integradora-3\\src\\controllers\\cartsControllers.js:64:48)\n    at process.processTicksAndRejections (node:internal/process/task_queues:95:5)","timestamp":"2024-05-16T15:37:41.938Z"}
{"level":"\u001b[31merror\u001b[39m","message":"No tiene permisos para agregar este producto","timestamp":"2024-05-16T15:38:21.734Z"}
{"level":"\u001b[31merror\u001b[39m","message":"No tiene permisos para agregar este producto","timestamp":"2024-05-16T15:38:45.977Z"}
{"level":"\u001b[31merror\u001b[39m","message":"Error obteniendo los productos: TypeError: Cannot read properties of undefined (reading 'cart')","timestamp":"2024-05-17T16:09:31.364Z"}
{"level":"\u001b[31merror\u001b[39m","message":"No tiene permisos para agregar este producto","timestamp":"2024-05-17T16:14:38.622Z"}
{"level":"\u001b[31merror\u001b[39m","message":"No tiene permisos para agregar este producto","timestamp":"2024-05-17T16:20:55.582Z"}
{"level":"\u001b[31merror\u001b[39m","message":"No tiene permisos para agregar este producto","timestamp":"2024-05-17T16:21:04.258Z"}
{"level":"\u001b[31merror\u001b[39m","message":"No tiene permisos para agregar este producto","timestamp":"2024-05-17T16:21:53.543Z"}
